Number of Static Synchronized Blocks = 20
result['avrora.sim.clock.RippleSynchronizer.java line 312'] = {"total" : 699519 , "read" : 699519, "write" : 0, "neither" : 0}
result['avrora.sim.radio.Medium.java line 487'] = {"total" : 596002 , "read" : 596002, "write" : 0, "neither" : 0}
result['avrora.Defaults.java line 87'] = {"total" : 2 , "read" : 0, "write" : 0, "neither" : 2}
result['avrora.sim.radio.Medium.java line 684'] = {"total" : 488 , "read" : 488, "write" : 0, "neither" : 0}
result['avrora.sim.radio.Medium.java line 511'] = {"total" : 105880 , "read" : 105880, "write" : 0, "neither" : 0}
result['avrora.sim.clock.RippleSynchronizer.java line 292'] = {"total" : 6 , "read" : 6, "write" : 0, "neither" : 0}
result['avrora.Defaults.java line 211'] = {"total" : 1 , "read" : 0, "write" : 0, "neither" : 1}
result['avrora.sim.clock.RippleSynchronizer.java line 288'] = {"total" : 6 , "read" : 6, "write" : 0, "neither" : 0}
result['avrora.arch.ArchitectureRegistry.java line 54'] = {"total" : 4 , "read" : 0, "write" : 0, "neither" : 4}
result['avrora.sim.clock.RippleSynchronizer.java line 268'] = {"total" : 6 , "read" : 6, "write" : 0, "neither" : 0}
result['avrora.Defaults.java line 141'] = {"total" : 2 , "read" : 0, "write" : 0, "neither" : 2}
result['avrora.actions.SimAction.java line 108'] = {"total" : 1 , "read" : 1, "write" : 0, "neither" : 0}
result['avrora.Defaults.java line 164'] = {"total" : 1 , "read" : 0, "write" : 0, "neither" : 1}
result['avrora.sim.Simulation.java line 505'] = {"total" : 1 , "read" : 1, "write" : 0, "neither" : 0}
result['avrora.sim.clock.RippleSynchronizer.java line 208'] = {"total" : 1 , "read" : 0, "write" : 0, "neither" : 1}
result['avrora.sim.Simulation.java line 451'] = {"total" : 1 , "read" : 1, "write" : 0, "neither" : 0}
result['avrora.Defaults.java line 190'] = {"total" : 1 , "read" : 0, "write" : 0, "neither" : 1}
result['avrora.sim.clock.RippleSynchronizer.java line 87'] = {"total" : 63678 , "read" : 60401, "write" : 0, "neither" : 3277}
result['avrora.sim.Simulation.java line 367'] = {"total" : 6 , "read" : 6, "write" : 0, "neither" : 0}
result['avrora.sim.output.SimPrinter.java line 74'] = {"total" : 4317 , "read" : 0, "write" : 0, "neither" : 4317}
