Number of Static Synchronized Blocks = 43
result['org.python.core.PyList.java line 1089'] = {"total" : 19 , "read" : 19, "write" : 0, "neither" : 0}
result['org.python.core.PySequence.java line 373'] = {"total" : 13 , "read" : 0, "write" : 0, "neither" : 13}
result['org.python.core.PyFile.java line 415'] = {"total" : 82 , "read" : 82, "write" : 0, "neither" : 0}
result['org.python.core.PyList.java line 1084'] = {"total" : 7 , "read" : 7, "write" : 0, "neither" : 0}
result['org.python.core.PySystemState.java line 854'] = {"total" : 1 , "read" : 1, "write" : 0, "neither" : 0}
result['org.python.core.PyFile.java line 243'] = {"total" : 2 , "read" : 2, "write" : 0, "neither" : 0}
result['org.python.core.PySystemState.java line 301'] = {"total" : 8 , "read" : 8, "write" : 0, "neither" : 0}
result['org.python.core.PySystemState.java line 719'] = {"total" : 2 , "read" : 2, "write" : 0, "neither" : 0}
result['org.python.core.PyList.java line 1075'] = {"total" : 2938593 , "read" : 2938593, "write" : 0, "neither" : 0}
result['org.python.core.PySystemState.java line 723'] = {"total" : 2 , "read" : 2, "write" : 0, "neither" : 0}
result['org.python.core.PyList.java line 408'] = {"total" : 216286 , "read" : 0, "write" : 0, "neither" : 216286}
result['org.python.core.PySystemState.java line 268'] = {"total" : 2 , "read" : 2, "write" : 0, "neither" : 0}
result['org.python.core.PyFile.java line 586'] = {"total" : 2 , "read" : 2, "write" : 0, "neither" : 0}
result['org.python.core.PyList.java line 711'] = {"total" : 5 , "read" : 5, "write" : 0, "neither" : 0}
result['org.python.core.PyType.java line 784'] = {"total" : 72 , "read" : 72, "write" : 0, "neither" : 0}
result['org.python.core.PyList.java line 472'] = {"total" : 629093 , "read" : 629093, "write" : 0, "neither" : 0}
result['org.python.core.PyList.java line 1064'] = {"total" : 2 , "read" : 2, "write" : 0, "neither" : 0}
result['org.python.core.PyList.java line 933'] = {"total" : 22502 , "read" : 22502, "write" : 0, "neither" : 0}
result['org.python.core.imp.java line 42'] = {"total" : 174 , "read" : 0, "write" : 0, "neither" : 174}
result['org.python.core.PyList.java line 330'] = {"total" : 4 , "read" : 4, "write" : 0, "neither" : 0}
result['org.python.core.PyList.java line 304'] = {"total" : 20 , "read" : 20, "write" : 0, "neither" : 0}
result['org.python.core.Py.java line 1579'] = {"total" : 2 , "read" : 2, "write" : 0, "neither" : 0}
result['org.python.core.PySystemState.java line 729'] = {"total" : 4 , "read" : 4, "write" : 0, "neither" : 0}
result['org.python.core.PySystemState.java line 744'] = {"total" : 4 , "read" : 4, "write" : 0, "neither" : 0}
result['org.python.core.PyList.java line 1117'] = {"total" : 4357323 , "read" : 4357323, "write" : 0, "neither" : 0}
result['org.python.core.PyFile.java line 425'] = {"total" : 2 , "read" : 2, "write" : 0, "neither" : 0}
result['org.python.core.PyFile.java line 592'] = {"total" : 2 , "read" : 2, "write" : 0, "neither" : 0}
result['org.python.core.PyType.java line 1155'] = {"total" : 3088343 , "read" : 3088343, "write" : 0, "neither" : 0}
result['org.python.core.PyList.java line 569'] = {"total" : 2 , "read" : 2, "write" : 0, "neither" : 0}
result['org.python.core.PyList.java line 1079'] = {"total" : 315193 , "read" : 315193, "write" : 0, "neither" : 0}
result['org.python.core.PyList.java line 1069'] = {"total" : 629550 , "read" : 629550, "write" : 0, "neither" : 0}
result['org.python.core.PySystemState.java line 736'] = {"total" : 4 , "read" : 4, "write" : 0, "neither" : 0}
result['org.python.core.PyList.java line 593'] = {"total" : 7 , "read" : 7, "write" : 0, "neither" : 0}
result['org.python.core.PyFile.java line 362'] = {"total" : 149 , "read" : 149, "write" : 0, "neither" : 0}
result['org.python.core.PyList.java line 658'] = {"total" : 8 , "read" : 8, "write" : 0, "neither" : 0}
result['org.python.core.PySystemState.java line 293'] = {"total" : 2 , "read" : 2, "write" : 0, "neither" : 0}
result['org.python.core.codecs.java line 378'] = {"total" : 53 , "read" : 1, "write" : 0, "neither" : 52}
result['org.python.core.PyList.java line 212'] = {"total" : 23 , "read" : 23, "write" : 0, "neither" : 0}
result['com.kenai.constantine.ConstantSet.java line 58'] = {"total" : 1 , "read" : 0, "write" : 0, "neither" : 1}
result['org.python.core.PyFile.java line 616'] = {"total" : 1 , "read" : 1, "write" : 0, "neither" : 0}
result['org.python.core.PyList.java line 122'] = {"total" : 4357291 , "read" : 4357291, "write" : 0, "neither" : 0}
result['org.python.core.MakeProxies.java line 53'] = {"total" : 1 , "read" : 1, "write" : 0, "neither" : 0}
result['org.python.core.PyList.java line 738'] = {"total" : 6 , "read" : 6, "write" : 0, "neither" : 0}
