Number of Static Synchronized Blocks = 241
result['org.apache.commons.httpclient.HttpState.java line -2'] = {"total" : 3018 , "read" : 3018, "write" : 0, "neither" : 0}
result['org.apache.catalina.core.StandardService.java line 582'] = {"total" : 1 , "read" : 0, "write" : 1, "neither" : 0}
result['org.apache.catalina.core.StandardContext.java line 2025'] = {"total" : 2 , "read" : 0, "write" : 0, "neither" : 2}
result['org.apache.tomcat.util.threads.ThreadPool.java line 390'] = {"total" : 1 , "read" : 1, "write" : 0, "neither" : 0}
result['org.apache.tomcat.util.threads.ThreadPool.java line 564'] = {"total" : 2 , "read" : 2, "write" : 0, "neither" : 0}
result['org.apache.el.lang.FunctionMapperImpl.java line 63'] = {"total" : 1300 , "read" : 1300, "write" : 0, "neither" : 0}
result['org.apache.tomcat.util.modeler.Registry.java line 586'] = {"total" : 343 , "read" : 343, "write" : 0, "neither" : 0}
result['org.apache.naming.resources.ProxyDirContext.java line 1619'] = {"total" : 198 , "read" : 198, "write" : 0, "neither" : 0}
result['org.apache.commons.httpclient.params.DefaultHttpParams.java line -2'] = {"total" : 16 , "read" : 16, "write" : 0, "neither" : 0}
result['org.apache.commons.httpclient.HostConfiguration.java line -2'] = {"total" : 6 , "read" : 6, "write" : 0, "neither" : 0}
result['org.apache.catalina.core.ContainerBase.java line 859'] = {"total" : 436 , "read" : 436, "write" : 0, "neither" : 0}
result['org.apache.tomcat.util.modeler.modules.MbeansDescriptorsDigesterSource.java line 226'] = {"total" : 11 , "read" : 11, "write" : 0, "neither" : 0}
result['org.apache.catalina.core.StandardPipeline.java line 255'] = {"total" : 32 , "read" : 32, "write" : 0, "neither" : 0}
result['org.apache.catalina.core.ContainerBase.java line 416'] = {"total" : 5 , "read" : 5, "write" : 0, "neither" : 0}
result['org.apache.commons.httpclient.MultiThreadedHttpConnectionManager.java line -2'] = {"total" : 4 , "read" : 4, "write" : 0, "neither" : 0}
result['org.apache.catalina.core.StandardContext.java line 3109'] = {"total" : 5 , "read" : 0, "write" : 0, "neither" : 5}
result['org.apache.catalina.core.StandardContext.java line 2620'] = {"total" : 25 , "read" : 0, "write" : 0, "neither" : 25}
result['org.apache.catalina.core.StandardContext.java line 3352'] = {"total" : 1 , "read" : 1, "write" : 0, "neither" : 0}
result['org.apache.naming.resources.ProxyDirContext.java line 1603'] = {"total" : 291 , "read" : 291, "write" : 0, "neither" : 0}
result['org.apache.commons.httpclient.HttpState.java line -2'] = {"total" : 8 , "read" : 8, "write" : 0, "neither" : 0}
result['org.apache.commons.httpclient.MultiThreadedHttpConnectionManager.java line -2'] = {"total" : 6 , "read" : 6, "write" : 0, "neither" : 0}
result['org.apache.catalina.loader.WebappClassLoader.java line 596'] = {"total" : 1 , "read" : 1, "write" : 0, "neither" : 0}
result['org.apache.catalina.session.StandardSession.java line 678'] = {"total" : 6 , "read" : 6, "write" : 0, "neither" : 0}
result['org.apache.commons.httpclient.MultiThreadedHttpConnectionManager.java line 0'] = {"total" : 3018 , "read" : 3018, "write" : 0, "neither" : 0}
result['org.apache.catalina.users.MemoryUser.java line 150'] = {"total" : 1 , "read" : 1, "write" : 0, "neither" : 0}
result['org.apache.jsp.jsp.num.numguess_jsp.java line 78'] = {"total" : 456 , "read" : 456, "write" : 0, "neither" : 0}
result['org.apache.tomcat.util.threads.ThreadPool.java line 773'] = {"total" : 3 , "read" : 3, "write" : 0, "neither" : 0}
result['org.apache.catalina.realm.UserDatabaseRealm.java line 276'] = {"total" : 1 , "read" : 1, "write" : 0, "neither" : 0}
result['org.apache.catalina.core.StandardWrapper.java line 959'] = {"total" : 25 , "read" : 25, "write" : 0, "neither" : 0}
result['org.apache.catalina.core.StandardContext.java line 2897'] = {"total" : 5 , "read" : 5, "write" : 0, "neither" : 0}
result['org.apache.taglibs.standard.tag.common.core.ChooseTag.java line -2'] = {"total" : 1280 , "read" : 1280, "write" : 0, "neither" : 0}
result['org.apache.commons.httpclient.HostConfiguration.java line -2'] = {"total" : 3018 , "read" : 3018, "write" : 0, "neither" : 0}
result['org.apache.commons.httpclient.HttpState.java line -2'] = {"total" : 2 , "read" : 2, "write" : 0, "neither" : 0}
result['org.apache.catalina.core.StandardService.java line 675'] = {"total" : 1 , "read" : 1, "write" : 0, "neither" : 0}
result['org.apache.catalina.deploy.NamingResources.java line 554'] = {"total" : 6 , "read" : 6, "write" : 0, "neither" : 0}
result['org.apache.catalina.users.MemoryUser.java line 182'] = {"total" : 2 , "read" : 2, "write" : 0, "neither" : 0}
result['org.apache.catalina.core.StandardContext.java line 3387'] = {"total" : 2 , "read" : 0, "write" : 0, "neither" : 2}
result['org.apache.catalina.util.ExtensionValidator.java line 134'] = {"total" : 5 , "read" : 0, "write" : 0, "neither" : 5}
result['org.apache.jasper.servlet.JspServletWrapper.java line 194'] = {"total" : 37 , "read" : 37, "write" : 0, "neither" : 0}
result['org.apache.catalina.core.StandardContext.java line 2427'] = {"total" : 4 , "read" : 0, "write" : 0, "neither" : 4}
result['org.apache.catalina.authenticator.AuthenticatorBase.java line 576'] = {"total" : 2 , "read" : 2, "write" : 0, "neither" : 0}
result['org.apache.catalina.deploy.NamingResources.java line 435'] = {"total" : 6 , "read" : 6, "write" : 0, "neither" : 0}
result['org.apache.jasper.compiler.SmapGenerator.java line 78'] = {"total" : 42 , "read" : 42, "write" : 0, "neither" : 0}
result['org.apache.catalina.core.ContainerBase.java line 1358'] = {"total" : 5 , "read" : 5, "write" : 0, "neither" : 0}
result['org.apache.catalina.authenticator.SingleSignOn.java line 663'] = {"total" : 2 , "read" : 2, "write" : 0, "neither" : 0}
result['org.apache.catalina.core.StandardContext.java line 2649'] = {"total" : 25 , "read" : 0, "write" : 0, "neither" : 25}
result['org.apache.jasper.servlet.JspServletWrapper.java line 213'] = {"total" : 8 , "read" : 8, "write" : 0, "neither" : 0}
result['org.apache.jasper.servlet.JspServlet.java line 303'] = {"total" : 53 , "read" : 53, "write" : 0, "neither" : 0}
result['org.apache.jsp.jsp.dates.date_jsp.java line 73'] = {"total" : 64 , "read" : 64, "write" : 0, "neither" : 0}
result['org.apache.catalina.core.StandardContext.java line 2997'] = {"total" : 1 , "read" : 0, "write" : 0, "neither" : 1}
result['org.apache.catalina.core.StandardWrapper.java line 743'] = {"total" : 48 , "read" : 48, "write" : 0, "neither" : 0}
result['org.apache.catalina.authenticator.SingleSignOnEntry.java line 114'] = {"total" : 2 , "read" : 2, "write" : 0, "neither" : 0}
result['org.apache.jasper.compiler.TagFileProcessor.java line 588'] = {"total" : 8 , "read" : 4, "write" : 0, "neither" : 4}
result['org.apache.jasper.compiler.JspRuntimeContext.java line 252'] = {"total" : 33 , "read" : 33, "write" : 0, "neither" : 0}
result['org.apache.tomcat.util.http.mapper.Mapper.java line 229'] = {"total" : 10 , "read" : 10, "write" : 0, "neither" : 0}
result['org.apache.coyote.http11.Http11NioProtocol.java line 789'] = {"total" : 5 , "read" : 5, "write" : 0, "neither" : 0}
result['org.apache.commons.httpclient.auth.AuthPolicy.java line -2'] = {"total" : 3 , "read" : 0, "write" : 0, "neither" : 3}
result['org.apache.tomcat.util.threads.ThreadPool.java line 141'] = {"total" : 1 , "read" : 1, "write" : 0, "neither" : 0}
result['org.apache.catalina.core.StandardContext.java line 2213'] = {"total" : 5 , "read" : 5, "write" : 0, "neither" : 0}
result['org.apache.jasper.runtime.TagHandlerPool.java line 164'] = {"total" : 139 , "read" : 139, "write" : 0, "neither" : 0}
result['org.apache.catalina.session.StandardSession.java line 730'] = {"total" : 6 , "read" : 6, "write" : 0, "neither" : 0}
result['org.apache.catalina.core.StandardContext.java line 2634'] = {"total" : 25 , "read" : 0, "write" : 0, "neither" : 25}
result['org.apache.commons.httpclient.params.DefaultHttpParamsFactory.java line -2'] = {"total" : 12097 , "read" : 12097, "write" : 0, "neither" : 0}
result['org.apache.catalina.core.StandardService.java line 597'] = {"total" : 1 , "read" : 1, "write" : 0, "neither" : 0}
result['org.apache.catalina.core.StandardContext.java line 3121'] = {"total" : 15 , "read" : 0, "write" : 0, "neither" : 15}
result['org.apache.catalina.core.StandardContext.java line 3134'] = {"total" : 5 , "read" : 0, "write" : 0, "neither" : 5}
result['org.apache.commons.httpclient.MultiThreadedHttpConnectionManager.java line -2'] = {"total" : 3012 , "read" : 3012, "write" : 0, "neither" : 0}
result['org.apache.catalina.core.StandardContext.java line 3827'] = {"total" : 5 , "read" : 5, "write" : 0, "neither" : 0}
result['org.apache.catalina.session.ManagerBase.java line 303'] = {"total" : 11 , "read" : 11, "write" : 0, "neither" : 0}
result['org.apache.jasper.servlet.JspServletWrapper.java line 134'] = {"total" : 38 , "read" : 38, "write" : 0, "neither" : 0}
result['org.apache.catalina.core.StandardContext.java line 2928'] = {"total" : 9 , "read" : 9, "write" : 0, "neither" : 0}
result['org.apache.commons.httpclient.HostConfiguration.java line -2'] = {"total" : 6 , "read" : 6, "write" : 0, "neither" : 0}
result['org.apache.catalina.core.StandardContext.java line 3489'] = {"total" : 805 , "read" : 805, "write" : 0, "neither" : 0}
result['org.apache.commons.httpclient.MultiThreadedHttpConnectionManager.java line 0'] = {"total" : 3018 , "read" : 3018, "write" : 0, "neither" : 0}
result['org.apache.coyote.http11.InternalNioOutputBuffer.java line 426'] = {"total" : 3148 , "read" : 3148, "write" : 0, "neither" : 0}
result['org.apache.catalina.core.StandardService.java line 590'] = {"total" : 1 , "read" : 1, "write" : 0, "neither" : 0}
result['org.apache.catalina.session.StandardSession.java line 1601'] = {"total" : 2 , "read" : 2, "write" : 0, "neither" : 0}
result['org.apache.tomcat.util.threads.ThreadPool.java line 660'] = {"total" : 5 , "read" : 5, "write" : 0, "neither" : 0}
result['org.apache.jsp.jsp.error.err_jsp.java line 80'] = {"total" : 128 , "read" : 128, "write" : 0, "neither" : 0}
result['org.apache.catalina.core.StandardWrapper.java line 1355'] = {"total" : 25 , "read" : 25, "write" : 0, "neither" : 0}
result['org.apache.catalina.core.StandardHost.java line 668'] = {"total" : 1 , "read" : 0, "write" : 1, "neither" : 0}
result['org.apache.commons.httpclient.MultiThreadedHttpConnectionManager.java line 0'] = {"total" : 3018 , "read" : 0, "write" : 0, "neither" : 3018}
result['org.apache.catalina.core.StandardWrapper.java line 905'] = {"total" : 474 , "read" : 474, "write" : 0, "neither" : 0}
result['org.apache.catalina.core.StandardContext.java line 3010'] = {"total" : 5 , "read" : 0, "write" : 0, "neither" : 5}
result['org.apache.catalina.deploy.NamingResources.java line 323'] = {"total" : 1 , "read" : 1, "write" : 0, "neither" : 0}
result['org.apache.catalina.core.StandardContext.java line 3307'] = {"total" : 3 , "read" : 0, "write" : 0, "neither" : 3}
result['org.apache.catalina.core.StandardContext.java line 4533'] = {"total" : 5 , "read" : 0, "write" : 5, "neither" : 0}
result['org.apache.commons.httpclient.MultiThreadedHttpConnectionManager.java line 0'] = {"total" : 4 , "read" : 0, "write" : 0, "neither" : 4}
result['org.apache.tomcat.util.http.FastHttpDateFormat.java line 113'] = {"total" : 96 , "read" : 0, "write" : 0, "neither" : 96}
result['org.apache.catalina.authenticator.SingleSignOn.java line 315'] = {"total" : 2 , "read" : 2, "write" : 0, "neither" : 0}
result['org.apache.naming.StringManager.java line 210'] = {"total" : 63 , "read" : 0, "write" : 0, "neither" : 63}
result['org.apache.catalina.util.LifecycleSupport.java line 83'] = {"total" : 19 , "read" : 0, "write" : 0, "neither" : 19}
result['org.apache.catalina.core.StandardContext.java line 2265'] = {"total" : 2 , "read" : 0, "write" : 2, "neither" : 0}
result['org.apache.catalina.core.StandardWrapper.java line 992'] = {"total" : 10 , "read" : 10, "write" : 0, "neither" : 0}
result['org.apache.catalina.users.MemoryUserDatabase.java line 369'] = {"total" : 1 , "read" : 1, "write" : 0, "neither" : 0}
result['org.apache.catalina.startup.ContextConfig.java line 1039'] = {"total" : 5 , "read" : 5, "write" : 0, "neither" : 0}
result['org.apache.tomcat.util.threads.ThreadPool.java line 326'] = {"total" : 2 , "read" : 2, "write" : 0, "neither" : 0}
result['org.apache.catalina.realm.UserDatabaseRealm.java line 247'] = {"total" : 1 , "read" : 1, "write" : 0, "neither" : 0}
result['org.apache.coyote.http11.Http11NioProtocol.java line 809'] = {"total" : 5 , "read" : 5, "write" : 0, "neither" : 0}
result['org.apache.catalina.startup.ContextConfig.java line 677'] = {"total" : 5 , "read" : 5, "write" : 0, "neither" : 0}
result['org.apache.catalina.core.StandardService.java line 257'] = {"total" : 2 , "read" : 0, "write" : 2, "neither" : 0}
result['org.apache.catalina.core.StandardContext.java line 1397'] = {"total" : 5 , "read" : 5, "write" : 0, "neither" : 0}
result['org.apache.catalina.users.MemoryUserDatabase.java line 355'] = {"total" : 4 , "read" : 4, "write" : 0, "neither" : 0}
result['org.apache.catalina.core.StandardContext.java line 3574'] = {"total" : 48 , "read" : 0, "write" : 0, "neither" : 48}
result['org.apache.catalina.deploy.NamingResources.java line 405'] = {"total" : 6 , "read" : 6, "write" : 0, "neither" : 0}
result['org.apache.tomcat.util.net.NioSelectorPool.java line 67'] = {"total" : 1 , "read" : 0, "write" : 0, "neither" : 1}
result['org.apache.tomcat.util.res.StringManager.java line 158'] = {"total" : 10 , "read" : 0, "write" : 0, "neither" : 10}
result['org.apache.catalina.startup.ContextConfig.java line 1108'] = {"total" : 5 , "read" : 5, "write" : 0, "neither" : 0}
result['org.apache.tomcat.util.threads.ThreadPool.java line 418'] = {"total" : 1 , "read" : 1, "write" : 0, "neither" : 0}
result['org.apache.catalina.authenticator.AuthenticatorBase.java line 630'] = {"total" : 2 , "read" : 2, "write" : 0, "neither" : 0}
result['org.apache.catalina.core.StandardContext.java line 2780'] = {"total" : 10 , "read" : 10, "write" : 0, "neither" : 0}
result['org.apache.catalina.core.ContainerBase.java line 779'] = {"total" : 31 , "read" : 31, "write" : 0, "neither" : 0}
result['org.apache.catalina.core.StandardService.java line 164'] = {"total" : 1 , "read" : 1, "write" : 0, "neither" : 0}
result['org.apache.catalina.core.ContainerBase.java line 817'] = {"total" : 2 , "read" : 2, "write" : 0, "neither" : 0}
result['org.apache.catalina.startup.ContextConfig.java line 1025'] = {"total" : 5 , "read" : 5, "write" : 0, "neither" : 0}
result['org.apache.catalina.loader.WebappClassLoader.java line 1795'] = {"total" : 62 , "read" : 62, "write" : 0, "neither" : 0}
result['org.apache.catalina.startup.ContextConfig.java line 409'] = {"total" : 5 , "read" : 5, "write" : 0, "neither" : 0}
result['org.apache.catalina.deploy.NamingResources.java line 223'] = {"total" : 5 , "read" : 5, "write" : 0, "neither" : 0}
result['org.apache.jasper.compiler.SmapGenerator.java line 111'] = {"total" : 42 , "read" : 42, "write" : 0, "neither" : 0}
result['org.apache.jasper.runtime.TagHandlerPool.java line 116'] = {"total" : 3712 , "read" : 3712, "write" : 0, "neither" : 0}
result['org.apache.commons.httpclient.HostConfiguration.java line -2'] = {"total" : 6042 , "read" : 6042, "write" : 0, "neither" : 0}
result['org.apache.catalina.core.StandardContext.java line 3646'] = {"total" : 15 , "read" : 0, "write" : 0, "neither" : 15}
result['org.apache.catalina.core.StandardContext.java line 3077'] = {"total" : 10 , "read" : 10, "write" : 0, "neither" : 0}
result['org.apache.commons.httpclient.auth.AuthPolicy.java line -2'] = {"total" : 2 , "read" : 0, "write" : 0, "neither" : 2}
result['org.apache.catalina.core.StandardService.java line 528'] = {"total" : 1 , "read" : 1, "write" : 0, "neither" : 0}
result['org.apache.catalina.authenticator.SingleSignOnEntry.java line 83'] = {"total" : 2 , "read" : 2, "write" : 0, "neither" : 0}
result['org.apache.tomcat.util.threads.ThreadPool.java line 444'] = {"total" : 1 , "read" : 1, "write" : 0, "neither" : 0}
result['org.apache.catalina.core.StandardWrapper.java line 1491'] = {"total" : 5 , "read" : 5, "write" : 0, "neither" : 0}
result['org.apache.catalina.core.ContainerBase.java line 1013'] = {"total" : 27 , "read" : 25, "write" : 2, "neither" : 0}
result['org.apache.commons.httpclient.MultiThreadedHttpConnectionManager.java line -2'] = {"total" : 9054 , "read" : 0, "write" : 0, "neither" : 9054}
result['org.apache.tomcat.util.http.mapper.Mapper.java line 89'] = {"total" : 2 , "read" : 2, "write" : 0, "neither" : 0}
result['org.apache.catalina.core.StandardService.java line 561'] = {"total" : 1 , "read" : 1, "write" : 0, "neither" : 0}
result['org.apache.catalina.deploy.NamingResources.java line 613'] = {"total" : 6 , "read" : 6, "write" : 0, "neither" : 0}
result['org.apache.commons.httpclient.HostConfiguration.java line -2'] = {"total" : 9060 , "read" : 9060, "write" : 0, "neither" : 0}
result['org.apache.commons.httpclient.HostConfiguration.java line -2'] = {"total" : 9042 , "read" : 9042, "write" : 0, "neither" : 0}
result['org.apache.taglibs.standard.tag.common.core.ChooseTag.java line -2'] = {"total" : 320 , "read" : 320, "write" : 0, "neither" : 0}
result['org.apache.catalina.startup.TldConfig.java line 501'] = {"total" : 18 , "read" : 18, "write" : 0, "neither" : 0}
result['org.apache.catalina.core.StandardHost.java line 537'] = {"total" : 2 , "read" : 0, "write" : 0, "neither" : 2}
result['org.apache.catalina.core.StandardContext.java line 2193'] = {"total" : 1 , "read" : 1, "write" : 0, "neither" : 0}
result['org.apache.catalina.startup.HostConfig.java line 939'] = {"total" : 2 , "read" : 2, "write" : 0, "neither" : 0}
result['org.apache.tomcat.util.threads.ThreadPool.java line 755'] = {"total" : 2 , "read" : 2, "write" : 0, "neither" : 0}
result['org.apache.catalina.startup.ContextConfig.java line 344'] = {"total" : 5 , "read" : 5, "write" : 0, "neither" : 0}
result['org.apache.catalina.authenticator.SingleSignOn.java line 525'] = {"total" : 2 , "read" : 2, "write" : 0, "neither" : 0}
result['org.apache.catalina.core.ContainerBase.java line 669'] = {"total" : 1 , "read" : 1, "write" : 0, "neither" : 0}
result['org.apache.commons.httpclient.HttpClient.java line -2'] = {"total" : 3024 , "read" : 3024, "write" : 0, "neither" : 0}
result['org.apache.catalina.core.StandardContext.java line 2541'] = {"total" : 15 , "read" : 0, "write" : 0, "neither" : 15}
result['org.apache.tomcat.util.http.mapper.Mapper.java line 458'] = {"total" : 48 , "read" : 48, "write" : 0, "neither" : 0}
result['org.apache.commons.httpclient.HttpClient.java line -2'] = {"total" : 3018 , "read" : 3018, "write" : 0, "neither" : 0}
result['org.apache.catalina.core.ContainerBase.java line 914'] = {"total" : 31 , "read" : 31, "write" : 0, "neither" : 0}
result['org.apache.catalina.authenticator.AuthenticatorBase.java line 606'] = {"total" : 2 , "read" : 2, "write" : 0, "neither" : 0}
result['org.apache.commons.httpclient.MultiThreadedHttpConnectionManager.java line 0'] = {"total" : 4 , "read" : 4, "write" : 0, "neither" : 0}
result['org.apache.catalina.core.StandardService.java line 521'] = {"total" : 1 , "read" : 1, "write" : 0, "neither" : 0}
result['org.apache.catalina.users.MemoryUserDatabase.java line 309'] = {"total" : 1 , "read" : 1, "write" : 0, "neither" : 0}
result['org.apache.catalina.core.ContainerBase.java line 846'] = {"total" : 164 , "read" : 164, "write" : 0, "neither" : 0}
result['org.apache.catalina.loader.WebappClassLoader.java line 1019'] = {"total" : 1 , "read" : 1, "write" : 0, "neither" : 0}
result['org.apache.jasper.runtime.TagHandlerPool.java line 142'] = {"total" : 3712 , "read" : 3712, "write" : 0, "neither" : 0}
result['org.apache.jasper.compiler.Generator.java line 2753'] = {"total" : 54 , "read" : 54, "write" : 0, "neither" : 0}
result['org.apache.catalina.core.StandardContext.java line 2522'] = {"total" : 17 , "read" : 0, "write" : 0, "neither" : 17}
result['org.apache.catalina.startup.HostConfig.java line 333'] = {"total" : 5 , "read" : 5, "write" : 0, "neither" : 0}
result['org.apache.taglibs.standard.tlv.JstlBaseTLV.java line -2'] = {"total" : 6 , "read" : 6, "write" : 0, "neither" : 0}
result['org.apache.catalina.core.StandardServer.java line 707'] = {"total" : 1 , "read" : 1, "write" : 0, "neither" : 0}
result['org.apache.catalina.core.ContainerBase.java line 1216'] = {"total" : 5 , "read" : 5, "write" : 0, "neither" : 0}
result['org.apache.coyote.http11.InternalNioOutputBuffer.java line 617'] = {"total" : 6618 , "read" : 6618, "write" : 0, "neither" : 0}
result['org.apache.catalina.core.StandardServer.java line 317'] = {"total" : 1 , "read" : 0, "write" : 1, "neither" : 0}
result['org.apache.catalina.core.StandardContext.java line 3372'] = {"total" : 5 , "read" : 5, "write" : 0, "neither" : 0}
result['org.apache.commons.httpclient.HostConfiguration.java line -2'] = {"total" : 6 , "read" : 6, "write" : 0, "neither" : 0}
result['org.apache.catalina.users.MemoryUserDatabase.java line 290'] = {"total" : 1 , "read" : 1, "write" : 0, "neither" : 0}
result['org.apache.tomcat.util.http.mapper.Mapper.java line 375'] = {"total" : 144 , "read" : 144, "write" : 0, "neither" : 0}
result['org.apache.catalina.users.MemoryUserDatabase.java line 340'] = {"total" : 3 , "read" : 3, "write" : 0, "neither" : 0}
result['org.apache.catalina.core.StandardContext.java line 2478'] = {"total" : 48 , "read" : 0, "write" : 0, "neither" : 48}
result['org.apache.catalina.users.MemoryUser.java line 95'] = {"total" : 2 , "read" : 2, "write" : 0, "neither" : 0}
result['org.apache.catalina.core.StandardContext.java line 3147'] = {"total" : 5 , "read" : 0, "write" : 0, "neither" : 5}
result['org.apache.commons.httpclient.MultiThreadedHttpConnectionManager.java line 0'] = {"total" : 6 , "read" : 6, "write" : 0, "neither" : 0}
result['org.apache.commons.httpclient.MultiThreadedHttpConnectionManager.java line -2'] = {"total" : 4 , "read" : 4, "write" : 0, "neither" : 0}
result['org.apache.jsp.jsp.jsp2.jspattribute.jspattribute_jsp.java line 94'] = {"total" : 64 , "read" : 64, "write" : 0, "neither" : 0}
result['org.apache.catalina.core.StandardContext.java line 1887'] = {"total" : 5 , "read" : 5, "write" : 0, "neither" : 0}
result['org.apache.catalina.startup.ContextConfig.java line 781'] = {"total" : 7 , "read" : 7, "write" : 0, "neither" : 0}
result['org.apache.tomcat.util.modeler.OperationInfo.java line 118'] = {"total" : 302 , "read" : 0, "write" : 302, "neither" : 0}
result['org.apache.catalina.loader.WebappClassLoader.java line 2079'] = {"total" : 678 , "read" : 678, "write" : 0, "neither" : 0}
result['org.apache.catalina.loader.WebappClassLoader.java line 2129'] = {"total" : 115 , "read" : 115, "write" : 0, "neither" : 0}
result['org.apache.catalina.deploy.NamingResources.java line 301'] = {"total" : 1 , "read" : 1, "write" : 0, "neither" : 0}
result['org.apache.catalina.core.StandardContext.java line 2982'] = {"total" : 5 , "read" : 0, "write" : 0, "neither" : 5}
result['org.apache.commons.httpclient.params.DefaultHttpParams.java line -2'] = {"total" : 290032 , "read" : 290032, "write" : 0, "neither" : 0}
result['org.apache.catalina.core.StandardWrapper.java line 931'] = {"total" : 50 , "read" : 50, "write" : 0, "neither" : 0}
result['org.apache.tomcat.util.buf.StringCache.java line 219'] = {"total" : 7638 , "read" : 7638, "write" : 0, "neither" : 0}
result['org.apache.catalina.core.StandardContext.java line 2740'] = {"total" : 5 , "read" : 5, "write" : 0, "neither" : 0}
result['org.apache.commons.httpclient.MultiThreadedHttpConnectionManager.java line -2'] = {"total" : 3018 , "read" : 3018, "write" : 0, "neither" : 0}
result['org.apache.catalina.core.StandardContext.java line 2739'] = {"total" : 5 , "read" : 5, "write" : 0, "neither" : 0}
result['org.apache.catalina.session.ManagerBase.java line 945'] = {"total" : 11 , "read" : 11, "write" : 0, "neither" : 0}
result['org.apache.catalina.session.StandardManager.java line 506'] = {"total" : 1 , "read" : 1, "write" : 0, "neither" : 0}
result['org.apache.catalina.core.StandardServer.java line 461'] = {"total" : 2 , "read" : 2, "write" : 0, "neither" : 0}
result['org.apache.jsp.jsp.jsp2.jspx.basic_jspx.java line 166'] = {"total" : 64 , "read" : 64, "write" : 0, "neither" : 0}
result['org.apache.coyote.RequestGroupInfo.java line 35'] = {"total" : 5 , "read" : 5, "write" : 0, "neither" : 0}
result['org.apache.catalina.util.StringManager.java line 244'] = {"total" : 47 , "read" : 0, "write" : 0, "neither" : 47}
result['org.apache.catalina.core.ContainerBase.java line 1072'] = {"total" : 27 , "read" : 25, "write" : 2, "neither" : 0}
result['org.apache.catalina.loader.WebappClassLoader.java line 626'] = {"total" : 2 , "read" : 2, "write" : 0, "neither" : 0}
result['org.apache.catalina.core.StandardContext.java line 3535'] = {"total" : 4 , "read" : 0, "write" : 0, "neither" : 4}
result['org.apache.commons.httpclient.HostConfiguration.java line 0'] = {"total" : 6036 , "read" : 6036, "write" : 0, "neither" : 0}
result['org.apache.catalina.core.StandardContext.java line 2768'] = {"total" : 2 , "read" : 2, "write" : 0, "neither" : 0}
result['org.apache.catalina.core.StandardContext.java line 2368'] = {"total" : 820 , "read" : 820, "write" : 0, "neither" : 0}
result['org.apache.commons.httpclient.HostConfiguration.java line -2'] = {"total" : 3018 , "read" : 3018, "write" : 0, "neither" : 0}
result['org.apache.catalina.authenticator.SingleSignOn.java line 512'] = {"total" : 2 , "read" : 2, "write" : 0, "neither" : 0}
result['org.apache.catalina.core.StandardWrapper.java line 716'] = {"total" : 25 , "read" : 25, "write" : 0, "neither" : 0}
result['org.apache.jsp.jsp.sessions.carts_jsp.java line 77'] = {"total" : 384 , "read" : 384, "write" : 0, "neither" : 0}
result['org.apache.tomcat.util.threads.ThreadPool.java line 589'] = {"total" : 1 , "read" : 1, "write" : 0, "neither" : 0}
result['org.apache.commons.httpclient.HostConfiguration.java line -2'] = {"total" : 6 , "read" : 6, "write" : 0, "neither" : 0}
result['org.apache.catalina.core.ContainerBase.java line 344'] = {"total" : 5 , "read" : 5, "write" : 0, "neither" : 0}
result['org.apache.catalina.loader.WebappClassLoader.java line 1962'] = {"total" : 46 , "read" : 0, "write" : 0, "neither" : 46}
result['org.apache.catalina.core.StandardContext.java line 4169'] = {"total" : 6 , "read" : 1, "write" : 5, "neither" : 0}
result['org.apache.catalina.deploy.NamingResources.java line 538'] = {"total" : 6 , "read" : 6, "write" : 0, "neither" : 0}
result['org.apache.catalina.core.StandardService.java line 446'] = {"total" : 2 , "read" : 2, "write" : 0, "neither" : 0}
result['org.apache.commons.httpclient.HostConfiguration.java line -2'] = {"total" : 6 , "read" : 6, "write" : 0, "neither" : 0}
result['org.apache.commons.httpclient.HttpClient.java line -2'] = {"total" : 3024 , "read" : 3024, "write" : 0, "neither" : 0}
result['org.apache.catalina.core.StandardWrapper.java line 803'] = {"total" : 5 , "read" : 5, "write" : 0, "neither" : 0}
result['org.apache.commons.httpclient.params.DefaultHttpParams.java line -2'] = {"total" : 12084 , "read" : 12084, "write" : 0, "neither" : 0}
result['org.apache.catalina.deploy.NamingResources.java line 584'] = {"total" : 6 , "read" : 6, "write" : 0, "neither" : 0}
result['org.apache.catalina.loader.WebappClassLoader.java line 1994'] = {"total" : 793 , "read" : 793, "write" : 0, "neither" : 0}
result['org.apache.coyote.RequestGroupInfo.java line 39'] = {"total" : 5 , "read" : 5, "write" : 0, "neither" : 0}
result['org.apache.catalina.authenticator.SingleSignOn.java line 606'] = {"total" : 2 , "read" : 2, "write" : 0, "neither" : 0}
result['org.apache.catalina.users.MemoryUserDatabase.java line 370'] = {"total" : 1 , "read" : 1, "write" : 0, "neither" : 0}
result['org.apache.catalina.core.StandardPipeline.java line 216'] = {"total" : 32 , "read" : 32, "write" : 0, "neither" : 0}
result['org.apache.jk.common.ChannelSocket.java line 282'] = {"total" : 1 , "read" : 1, "write" : 0, "neither" : 0}
result['org.apache.catalina.loader.WebappClassLoader.java line 1576'] = {"total" : 11 , "read" : 1, "write" : 0, "neither" : 10}
result['org.apache.catalina.connector.Connector.java line 617'] = {"total" : 4 , "read" : 0, "write" : 0, "neither" : 4}
result['org.apache.catalina.core.StandardContext.java line 2965'] = {"total" : 4 , "read" : 0, "write" : 0, "neither" : 4}
result['org.apache.commons.httpclient.HttpState.java line -2'] = {"total" : 2 , "read" : 2, "write" : 0, "neither" : 0}
result['org.apache.catalina.core.StandardContext.java line 2149'] = {"total" : 3 , "read" : 0, "write" : 0, "neither" : 3}
result['org.apache.catalina.core.StandardWrapper.java line 1005'] = {"total" : 12 , "read" : 12, "write" : 0, "neither" : 0}
result['org.apache.catalina.users.MemoryUser.java line 107'] = {"total" : 2 , "read" : 2, "write" : 0, "neither" : 0}
result['org.apache.tomcat.util.modeler.Registry.java line 150'] = {"total" : 185 , "read" : 0, "write" : 0, "neither" : 185}
result['org.apache.catalina.core.StandardContext.java line 3791'] = {"total" : 5 , "read" : 5, "write" : 0, "neither" : 0}
result['org.apache.jasper.compiler.SmapGenerator.java line 61'] = {"total" : 42 , "read" : 42, "write" : 0, "neither" : 0}
result['org.apache.catalina.core.StandardContext.java line 2684'] = {"total" : 4 , "read" : 0, "write" : 0, "neither" : 4}
result['org.apache.commons.httpclient.HostConfiguration.java line -2'] = {"total" : 3018 , "read" : 3018, "write" : 0, "neither" : 0}
result['org.apache.naming.resources.ResourceAttributes.java line 606'] = {"total" : 13 , "read" : 0, "write" : 0, "neither" : 13}
result['org.apache.catalina.core.StandardService.java line 514'] = {"total" : 1 , "read" : 0, "write" : 1, "neither" : 0}
result['org.apache.jasper.JspCompilationContext.java line 645'] = {"total" : 37 , "read" : 0, "write" : 0, "neither" : 37}
result['org.apache.catalina.authenticator.SingleSignOn.java line 463'] = {"total" : 2 , "read" : 2, "write" : 0, "neither" : 0}
result['org.apache.jasper.servlet.JspServletWrapper.java line 313'] = {"total" : 2838 , "read" : 2838, "write" : 0, "neither" : 0}
result['org.apache.jk.common.ChannelSocket.java line 298'] = {"total" : 2 , "read" : 1, "write" : 0, "neither" : 0}
result['org.apache.commons.httpclient.MultiThreadedHttpConnectionManager.java line 0'] = {"total" : 3018 , "read" : 0, "write" : 0, "neither" : 3018}
