Number of Static Synchronized Blocks = 26
result['org.apache.xml.utils.XMLReaderManager.java line 156'] = {"total" : 1530 , "read" : 1530, "write" : 0, "neither" : 0}
result['org.apache.xml.utils.ObjectPool.java line 129'] = {"total" : 84150 , "read" : 0, "write" : 0, "neither" : 84150}
result['org.apache.xml.dtm.ObjectFactory.java line 294'] = {"total" : 3064 , "read" : 0, "write" : 0, "neither" : 3064}
result['org.apache.xml.utils.XMLReaderManager.java line 83'] = {"total" : 1530 , "read" : 1530, "write" : 0, "neither" : 0}
result['org.apache.xerces.impl.dv.DTDDVFactory.java line -2'] = {"total" : 5 , "read" : 0, "write" : 0, "neither" : 5}
result['org.apache.xalan.transformer.TransformerImpl.java line 1314'] = {"total" : 1530 , "read" : 0, "write" : 1530, "neither" : 0}
result['org.apache.xml.utils.StringBufferPool.java line 43'] = {"total" : 14490 , "read" : 0, "write" : 0, "neither" : 14490}
result['org.apache.xml.dtm.ref.DTMManagerDefault.java line 647'] = {"total" : 2808000 , "read" : 2808000, "write" : 0, "neither" : 0}
result['org.apache.xerces.impl.dv.DTDDVFactory.java line -2'] = {"total" : 5 , "read" : 0, "write" : 0, "neither" : 5}
result['org.apache.xml.dtm.ref.DTMManagerDefault.java line 185'] = {"total" : 1530 , "read" : 1530, "write" : 0, "neither" : 0}
result['org.apache.xalan.transformer.TransformerImpl.java line 3108'] = {"total" : 1534 , "read" : 0, "write" : 0, "neither" : 1534}
result['org.apache.xml.serializer.OutputPropertiesFactory.java line 260'] = {"total" : 1538 , "read" : 0, "write" : 0, "neither" : 1538}
result['org.apache.xml.dtm.ref.DTMManagerDefault.java line 246'] = {"total" : 1530 , "read" : 1530, "write" : 0, "neither" : 0}
result['org.apache.xml.dtm.ref.DTMManagerDefault.java line 630'] = {"total" : 1530 , "read" : 1530, "write" : 0, "neither" : 0}
result['org.apache.xerces.parsers.ObjectFactory.java line 0'] = {"total" : 5 , "read" : 0, "write" : 0, "neither" : 5}
result['org.apache.xpath.axes.IteratorPool.java line 87'] = {"total" : 519660 , "read" : 0, "write" : 0, "neither" : 519660}
result['org.apache.xalan.transformer.TransformerImpl.java line 1266'] = {"total" : 1530 , "read" : 0, "write" : 0, "neither" : 1530}
result['org.apache.xml.dtm.ref.DTMManagerDefault.java line 722'] = {"total" : 1530 , "read" : 1530, "write" : 0, "neither" : 0}
result['org.dacapo.xalan.XSLTBench.java line 51'] = {"total" : 1704 , "read" : 1704, "write" : 0, "neither" : 0}
result['org.dacapo.xalan.XSLTBench.java line 56'] = {"total" : 1534 , "read" : 1534, "write" : 0, "neither" : 0}
result['org.apache.xalan.templates.ElemTextLiteral.java line 105'] = {"total" : 4 , "read" : 4, "write" : 0, "neither" : 0}
result['org.apache.xml.utils.ObjectPool.java line 166'] = {"total" : 84150 , "read" : 0, "write" : 0, "neither" : 84150}
result['org.apache.xml.dtm.ref.DTMManagerDefault.java line 600'] = {"total" : 1530 , "read" : 1530, "write" : 0, "neither" : 0}
result['org.apache.xml.dtm.ref.DTMManagerDefault.java line 144'] = {"total" : 1530 , "read" : 1530, "write" : 0, "neither" : 0}
result['org.apache.xml.utils.StringBufferPool.java line 56'] = {"total" : 14490 , "read" : 0, "write" : 0, "neither" : 14490}
result['org.apache.xpath.axes.IteratorPool.java line 116'] = {"total" : 474390 , "read" : 0, "write" : 0, "neither" : 474390}
